<?xml version="1.0" encoding="UTF-8"?>
<!-- Generated by org.testng.reporters.JUnitReportReporter -->
<testsuite skipped="0" hostname="DESKTOP-D2PG3UN" name="KekaAPI.keka_clockout" tests="4" failures="0" timestamp="2022-01-18T19:33:59 IST" time="84.840" errors="0">
  <testcase name="login" time="39.505" classname="KekaAPI.keka_clockout"/>
  <system-out/>
  <testcase name="clock_out" time="33.633" classname="KekaAPI.keka_clockout"/>
  <system-out/>
  <testcase name="log_out" time="6.482" classname="KekaAPI.keka_clockout"/>
  <system-out/>
  <testcase name="browser_close" time="5.220" classname="KekaAPI.keka_clockout"/>
  <system-out/>
</testsuite> <!-- KekaAPI.keka_clockout -->
